2021-04-15 14:59:31,728 INFO  [app] Successfully decoded the config file
2021-04-15 14:59:57,728 INFO  [net::tokio_manager::protocol] New incoming connection from 127.0.0.1:41994
2021-04-15 14:59:57,729 INFO  [net::tokio_manager::protocol] New incoming connection from 127.0.0.1:41998
2021-04-15 14:59:57,740 INFO  [net::tokio_manager::protocol] New incoming connection from 127.0.0.1:42012
2021-04-15 14:59:57,741 INFO  [net::tokio_manager::protocol] Connected to all nodes in the protocol
2021-04-15 15:00:03,245 INFO  [consensus::new_epoch] Epoch 0 ended, waiting for another epoch
2021-04-15 15:00:03,278 INFO  [consensus::vote] Hash of the resp vote certificate set
2021-04-15 15:00:03,302 INFO  [types::msg::proto] Got vote message
2021-04-15 15:00:03,303 INFO  [types::msg::proto] Got vote message
2021-04-15 15:00:03,304 INFO  [types::msg::proto] Got vote message
2021-04-15 15:00:03,306 INFO  [consensus::deliver_propose] Got a new proposal IN-directly
2021-04-15 15:00:03,306 INFO  [consensus::deliver_propose] Got a new proposal IN-directly
2021-04-15 15:00:03,317 INFO  [consensus::deliver_propose] Got a new proposal IN-directly
2021-04-15 15:00:03,317 INFO  [consensus::deliver_propose] Got a new proposal IN-directly
2021-04-15 15:00:03,329 INFO  [consensus::deliver_propose] Got a new proposal IN-directly
2021-04-15 15:00:03,329 INFO  [consensus::deliver_propose] Got a new proposal IN-directly
2021-04-15 15:00:03,329 INFO  [consensus::ack] Got an ack message
2021-04-15 15:00:03,353 INFO  [consensus::ack] Got an ack message
2021-04-15 15:00:03,354 INFO  [consensus::ack] Got an ack message
2021-04-15 15:00:03,355 INFO  [consensus::ack] Got an ack message
2021-04-15 15:00:03,355 INFO  [consensus::commit] Responsively committing a block
2021-04-15 15:00:03,359 INFO  [consensus::reconstruction] Trying reconstruction now
2021-04-15 15:00:03,362 INFO  [consensus::reconstruction] Got beacon Beacon(QuadExtField { c0: CubicExtField { c0: QuadExtField { c0: Fp384(BigInteger384([3201361412383818478, 8661115253037612633, 6086379292952688449, 1396666528203045556, 2906663143110507913, 595353119728192780])), c1: Fp384(BigInteger384([13995647110847062011, 8775242480841179805, 16576781020293295510, 999457145169146783, 13017445897471831497, 1550620018133175200])) }, c1: QuadExtField { c0: Fp384(BigInteger384([16894582052859414949, 18123262077366271468, 4181782621368959828, 7675586921422518558, 9010872191575232679, 607205322642671497])), c1: Fp384(BigInteger384([11212144261889580297, 1004011364136034410, 9256513369478568529, 2524155823911880597, 7491841278846089685, 1812606461349497496])) }, c2: QuadExtField { c0: Fp384(BigInteger384([11782715645492104307, 7551670551630140518, 8172098296329755793, 4380401034739821974, 417760290885892097, 1747776275726325241])), c1: Fp384(BigInteger384([2662598094494286055, 15621528958385335160, 6795142833210025647, 6698218384176488977, 4210809306961708776, 1284473681693576753])) } }, c1: CubicExtField { c0: QuadExtField { c0: Fp384(BigInteger384([8503317581321916842, 3951387567273562346, 7598870871368688759, 2303321013253476607, 3766357363514531522, 639395516544795133])), c1: Fp384(BigInteger384([3849897820629106913, 14262240158968444406, 11081246273581555396, 4085796897406024415, 11351520678358594390, 100730027384747331])) }, c1: QuadExtField { c0: Fp384(BigInteger384([6922881496096078363, 10902515193418748412, 3099191347027565452, 14337348432880644483, 11656620939389886531, 1679519822760085071])), c1: Fp384(BigInteger384([4100224095203800685, 13065921587998979531, 17157404119162108127, 10526768385089895499, 12679396613784929112, 687281983749471002])) }, c2: QuadExtField { c0: Fp384(BigInteger384([4355313935977262789, 16166963088333761526, 12728376024155425735, 3562400141134008626, 12245808435680717362, 1772011449067837581])), c1: Fp384(BigInteger384([846916762294044524, 15240862545454458552, 4052551824719213532, 1794427492436520064, 1374030505087556921, 710074234570273766])) } } }, GroupAffine { x: Fp384(BigInteger384([14077993991308583326, 18424283666481065560, 5670666432315257155, 13960819683249027844, 1306541809640758439, 13826054658061219])), y: Fp384(BigInteger384([5924838955118637303, 13493684619502508095, 583711533503274362, 2710042573529475684, 17160348805562747688, 466467930784565859])), infinity: false })
2021-04-15 15:00:03,362 INFO  [consensus::reconstruction] Starting next epoch
2021-04-15 15:00:03,363 INFO  [consensus::new_epoch] Epoch 1 ended, waiting for another epoch
2021-04-15 15:00:03,386 INFO  [types::msg::proto] Got a propose message
2021-04-15 15:00:03,386 INFO  [consensus::deliver_propose] Got a new proposal directly
2021-04-15 15:00:03,386 INFO  [consensus::deliver_propose] Got a new proposal IN-directly
2021-04-15 15:00:03,386 INFO  [consensus::deliver_propose] Got a new proposal IN-directly
2021-04-15 15:00:03,386 INFO  [consensus::deliver_propose] Got a new proposal IN-directly
2021-04-15 15:00:03,386 INFO  [consensus::deliver_propose] Got a new proposal IN-directly
2021-04-15 15:00:03,386 INFO  [consensus::deliver_propose] Got a new proposal IN-directly
2021-04-15 15:00:03,393 INFO  [consensus::deliver_propose] Got a new proposal IN-directly
2021-04-15 15:00:03,442 INFO  [consensus::ack] Got an ack message
2021-04-15 15:00:03,442 INFO  [consensus::ack] Got an ack message
2021-04-15 15:00:03,442 INFO  [consensus::ack] Got an ack message
2021-04-15 15:00:03,443 INFO  [consensus::ack] Got an ack message
2021-04-15 15:00:03,443 INFO  [consensus::commit] Responsively committing a block
2021-04-15 15:00:03,446 INFO  [consensus::reconstruction] Trying reconstruction now
2021-04-15 15:00:03,448 INFO  [consensus::reconstruction] Got beacon Beacon(QuadExtField { c0: CubicExtField { c0: QuadExtField { c0: Fp384(BigInteger384([12010938705813576807, 10136828452264626795, 16164581466604616502, 2209396637469728480, 13999280692405326998, 248410820474438638])), c1: Fp384(BigInteger384([9930792673996567946, 7625175697326036618, 4577262990408117110, 961141666576091476, 15144660480170246632, 510344034139174910])) }, c1: QuadExtField { c0: Fp384(BigInteger384([12302846981154306921, 6487910229711032388, 10707431404998423952, 10497927972733289479, 13140779918428002578, 1436778121629885376])), c1: Fp384(BigInteger384([255018737467336681, 4384527658703272324, 15832625656271723024, 14088694464166341922, 5159036735280782733, 1731116188228209675])) }, c2: QuadExtField { c0: Fp384(BigInteger384([15185979563982743828, 4123178598256669463, 12449930575626735931, 9912238939145926343, 3960392794151872953, 578595601245682219])), c1: Fp384(BigInteger384([4081131675379970302, 17637309906684311230, 5344170746645616087, 12994113730482522917, 8711869480290335336, 1134490020482295018])) } }, c1: CubicExtField { c0: QuadExtField { c0: Fp384(BigInteger384([16863045758067316374, 3883010435840663056, 5526685073522983534, 8519489567419573701, 1535150524152298864, 108231889267254177])), c1: Fp384(BigInteger384([16726393480201644498, 13100268919367402461, 2474127687893795408, 16272345587902836565, 3188367116481206341, 1541895156527312377])) }, c1: QuadExtField { c0: Fp384(BigInteger384([13289342680920537614, 4169092688674270190, 8711060969009718891, 10026305911383031728, 8813513714027509465, 339757305034123394])), c1: Fp384(BigInteger384([8770394884822408030, 12212598383631208242, 5996389385469541523, 1366244247724514362, 18408329928789603264, 501574412430402821])) }, c2: QuadExtField { c0: Fp384(BigInteger384([1522342635970465465, 677919744156952063, 16180603636257495578, 6952112757429471835, 7483515409189619314, 542563273921322297])), c1: Fp384(BigInteger384([7563754211737837423, 4307943831224887372, 16744482673333761072, 15732765437770347344, 12376842520006060110, 1237255612497753372])) } } }, GroupAffine { x: Fp384(BigInteger384([13654704586456983846, 17989799037901881403, 13702203589413456030, 3006770836045248737, 8889906226781130673, 1357916772070153735])), y: Fp384(BigInteger384([9626443964923782797, 9726694927487477467, 4209054613989222357, 2835404222894859170, 15606340754264653234, 1395946534499285326])), infinity: false })
2021-04-15 15:00:03,448 INFO  [consensus::reconstruction] Starting next epoch
2021-04-15 15:00:03,449 INFO  [consensus::new_epoch] Epoch 2 ended, waiting for another epoch
2021-04-15 15:00:03,462 INFO  [consensus::deliver_propose] Got a new proposal IN-directly
2021-04-15 15:00:03,463 INFO  [consensus::deliver_propose] Got a new proposal IN-directly
2021-04-15 15:00:03,463 INFO  [consensus::deliver_propose] Got a new proposal IN-directly
2021-04-15 15:00:03,463 INFO  [types::msg::proto] Got a propose message
2021-04-15 15:00:03,471 INFO  [consensus::deliver_propose] Got a new proposal IN-directly
2021-04-15 15:00:03,471 INFO  [consensus::deliver_propose] Got a new proposal directly
2021-04-15 15:00:03,471 INFO  [consensus::deliver_propose] Got a new proposal IN-directly
2021-04-15 15:00:03,471 INFO  [consensus::deliver_propose] Got a new proposal IN-directly
2021-04-15 15:00:03,528 INFO  [consensus::ack] Got an ack message
2021-04-15 15:00:03,528 INFO  [consensus::ack] Got an ack message
2021-04-15 15:00:03,534 INFO  [consensus::ack] Got an ack message
2021-04-15 15:00:03,537 INFO  [consensus::ack] Got an ack message
2021-04-15 15:00:03,537 INFO  [consensus::commit] Responsively committing a block
2021-04-15 15:00:03,541 INFO  [consensus::reconstruction] Trying reconstruction now
2021-04-15 15:00:03,544 INFO  [consensus::reconstruction] Got beacon Beacon(QuadExtField { c0: CubicExtField { c0: QuadExtField { c0: Fp384(BigInteger384([9381686431099655214, 1011637569767516699, 2637210731781589032, 5470849993979644712, 5021904611052152450, 1503998200387731857])), c1: Fp384(BigInteger384([6041390275418757568, 10225420628208970260, 10869225901664551513, 15316555546119937582, 4143707520757620169, 682435093744801342])) }, c1: QuadExtField { c0: Fp384(BigInteger384([5152723313917435476, 14217877616883557880, 6939324419568878743, 11836112086454846155, 5581357816968478385, 1088334153645721830])), c1: Fp384(BigInteger384([12107658999161067676, 8548302114715868558, 17004000984890927299, 8509754617725074314, 8451654208427837717, 1030892684768097397])) }, c2: QuadExtField { c0: Fp384(BigInteger384([8216045792358450912, 2136176229637943732, 16206264171678694067, 13075083622473508167, 7385720481404665381, 1550526775222835682])), c1: Fp384(BigInteger384([17288115374280900561, 7758042225994713692, 15207979263544629705, 2092688149246848159, 12788705530763462895, 455902579780395323])) } }, c1: CubicExtField { c0: QuadExtField { c0: Fp384(BigInteger384([10111450461196812422, 744382823694600285, 6412460701292951254, 10707366774827434412, 12307460867208234619, 1304941283975400928])), c1: Fp384(BigInteger384([9909932476854687464, 17867587962015188581, 4490388303475785671, 13638771110759981264, 14365025552825093923, 1194067600420805355])) }, c1: QuadExtField { c0: Fp384(BigInteger384([1898188916713311437, 531557552354702368, 13402096852242651366, 9992347212421240557, 13906116943422383618, 1237427288311865684])), c1: Fp384(BigInteger384([14779582609872640167, 17557723509841221986, 7824605495807021314, 13265710365607642706, 3269636580883916773, 1570013269305503054])) }, c2: QuadExtField { c0: Fp384(BigInteger384([5741584386144116596, 15251761376992910681, 3144718161674361321, 2411242188159701613, 11585516076751414294, 462400543053959949])), c1: Fp384(BigInteger384([13215381947838047917, 14374467093735746772, 2218063166128460638, 5495267401851681101, 13215245269526633190, 1826242027323635938])) } } }, GroupAffine { x: Fp384(BigInteger384([8693431518428603237, 13607820902194919196, 1158451903410187971, 9544600546664436372, 4260762702307756961, 195571597841357879])), y: Fp384(BigInteger384([746069329374144588, 10817312448728262307, 1289207620776301347, 5831878610572765569, 8528219000691654, 436187465884162421])), infinity: false })
2021-04-15 15:00:03,544 INFO  [consensus::reconstruction] Starting next epoch
2021-04-15 15:00:03,545 INFO  [consensus::new_epoch] Epoch 3 ended, waiting for another epoch
2021-04-15 15:00:03,556 INFO  [types::msg::proto] Got a propose message
2021-04-15 15:00:03,558 INFO  [consensus::deliver_propose] Got a new proposal directly
2021-04-15 15:00:03,558 INFO  [consensus::deliver_propose] Got a new proposal IN-directly
2021-04-15 15:00:03,558 INFO  [consensus::deliver_propose] Got a new proposal IN-directly
2021-04-15 15:00:03,558 INFO  [consensus::deliver_propose] Got a new proposal IN-directly
2021-04-15 15:00:03,558 INFO  [consensus::deliver_propose] Got a new proposal IN-directly
2021-04-15 15:00:03,558 INFO  [consensus::deliver_propose] Got a new proposal IN-directly
2021-04-15 15:00:03,558 INFO  [consensus::deliver_propose] Got a new proposal IN-directly
2021-04-15 15:00:03,639 INFO  [consensus::ack] Got an ack message
2021-04-15 15:00:03,639 INFO  [consensus::ack] Got an ack message
2021-04-15 15:00:03,640 INFO  [consensus::ack] Got an ack message
2021-04-15 15:00:03,640 INFO  [consensus::ack] Got an ack message
2021-04-15 15:00:03,640 INFO  [consensus::commit] Responsively committing a block
2021-04-15 15:00:03,644 INFO  [consensus::reconstruction] Trying reconstruction now
2021-04-15 15:00:03,647 INFO  [consensus::reconstruction] Got beacon Beacon(QuadExtField { c0: CubicExtField { c0: QuadExtField { c0: Fp384(BigInteger384([9262389995871783620, 5407083614164055640, 15989155374870015587, 17142624173234532444, 5075219290725444918, 1142176533509212371])), c1: Fp384(BigInteger384([15681073327242887946, 1580025204755201556, 9056678665256036780, 12926529699661899420, 2078039507486534651, 388698913641774715])) }, c1: QuadExtField { c0: Fp384(BigInteger384([9947591429167338309, 699077989091304093, 1506016016805115443, 2707429196693891837, 8977002222986102033, 1017466955010163915])), c1: Fp384(BigInteger384([7026332619077767914, 11866899147076887208, 1289518572486073073, 577372078323273782, 13958650909671203447, 1176505404482571418])) }, c2: QuadExtField { c0: Fp384(BigInteger384([9309753531241103039, 11798889966094594529, 18155056842810887634, 5451633988620355896, 7413622043700734123, 1431841283774981614])), c1: Fp384(BigInteger384([2543458964227878195, 12853357033159673680, 765282006428276166, 16444368653395054573, 4133031475455732680, 815796590808637386])) } }, c1: CubicExtField { c0: QuadExtField { c0: Fp384(BigInteger384([16581780266364032330, 1456739444644273451, 9498151339821645773, 12019156924181266038, 4683521486211750020, 1678674439357595336])), c1: Fp384(BigInteger384([17254713365402299953, 9432691789257126133, 1718255762653067887, 15808769689317245116, 4143876717147881222, 424527382884355275])) }, c1: QuadExtField { c0: Fp384(BigInteger384([8346546395526806061, 16297001437384830999, 17508796238482063097, 1532260184994777080, 1166129756111860618, 54184605817541502])), c1: Fp384(BigInteger384([9205715506649633914, 13902277338016193632, 11229681620639253312, 13807642622887819386, 18382400742529429995, 843267923002523142])) }, c2: QuadExtField { c0: Fp384(BigInteger384([7535530202664029327, 2177135075642413016, 8124815528786016385, 16622942568260443684, 6827020789284311388, 1787545362190191733])), c1: Fp384(BigInteger384([3161578960284136319, 1324992236339623808, 14766200491890105537, 4507699829170966149, 1747850231568410683, 1430521387155356461])) } } }, GroupAffine { x: Fp384(BigInteger384([10615264271899587792, 16987051427584754886, 8789603677100738518, 7962023283802671352, 824689034489904761, 624167901138349283])), y: Fp384(BigInteger384([12237968340459462541, 7688702750724353392, 9083372203558460762, 6229104641032627707, 2349043097980344615, 389141797079016125])), infinity: false })
2021-04-15 15:00:03,647 INFO  [consensus::reconstruction] Starting next epoch
2021-04-15 15:00:03,648 INFO  [consensus::new_epoch] Epoch 4 ended, waiting for another epoch
2021-04-15 15:00:03,655 INFO  [consensus::vote] Hash of the resp vote certificate set
2021-04-15 15:00:03,675 INFO  [types::msg::proto] Got vote message
2021-04-15 15:00:03,682 INFO  [types::msg::proto] Got vote message
2021-04-15 15:00:03,682 INFO  [consensus::deliver_propose] Got a new proposal IN-directly
2021-04-15 15:00:03,684 INFO  [types::msg::proto] Got vote message
2021-04-15 15:00:03,700 INFO  [consensus::deliver_propose] Got a new proposal IN-directly
2021-04-15 15:00:03,700 INFO  [consensus::deliver_propose] Got a new proposal IN-directly
2021-04-15 15:00:03,700 INFO  [consensus::deliver_propose] Got a new proposal IN-directly
2021-04-15 15:00:03,700 INFO  [consensus::deliver_propose] Got a new proposal IN-directly
2021-04-15 15:00:03,700 INFO  [consensus::deliver_propose] Got a new proposal IN-directly
2021-04-15 15:00:03,701 INFO  [consensus::ack] Got an ack message
2021-04-15 15:00:03,724 INFO  [consensus::ack] Got an ack message
2021-04-15 15:00:03,731 INFO  [consensus::ack] Got an ack message
2021-04-15 15:00:03,732 INFO  [consensus::ack] Got an ack message
2021-04-15 15:00:03,732 INFO  [consensus::commit] Responsively committing a block
2021-04-15 15:00:03,737 INFO  [consensus::reconstruction] Trying reconstruction now
2021-04-15 15:00:03,740 INFO  [consensus::reconstruction] Got beacon Beacon(QuadExtField { c0: CubicExtField { c0: QuadExtField { c0: Fp384(BigInteger384([16299165848034715844, 16059022479162518389, 17489955552791729553, 10703002935723785898, 14129868044234326311, 1083355011815494407])), c1: Fp384(BigInteger384([10015875909352944771, 8513319626312379220, 17856140007981100113, 15678639118494315129, 4166576414167486600, 1339444773256859288])) }, c1: QuadExtField { c0: Fp384(BigInteger384([1329741770753188826, 933182024037949081, 17167644221886160307, 3045537215079715402, 3325387346398307554, 360296450674479684])), c1: Fp384(BigInteger384([7303634288060198502, 8736228272235491403, 16209411924299014646, 9432459346652192640, 14160961306328681661, 1771117891208603787])) }, c2: QuadExtField { c0: Fp384(BigInteger384([9513083455606990469, 12355440101543309235, 1147681664892287144, 3611673237890337257, 1549309148817534910, 1222671316185958949])), c1: Fp384(BigInteger384([5078538634555196853, 18354516431998668106, 5297306710467089752, 1403733961676690559, 6877116644787765964, 1073598633729306201])) } }, c1: CubicExtField { c0: QuadExtField { c0: Fp384(BigInteger384([1290833979875248664, 13513166437839090938, 11900699196539106702, 3990841878108672716, 12301158509518424954, 640344425290949590])), c1: Fp384(BigInteger384([13158928040227808274, 2968862012404793891, 13122072900137563647, 3022990029588126105, 18279217891670320414, 812493403324789333])) }, c1: QuadExtField { c0: Fp384(BigInteger384([4335443404664829950, 4994074744813482086, 14235806927729078207, 2992164462742267856, 9921717485597795260, 544350303790805026])), c1: Fp384(BigInteger384([39790030041321477, 7656849610825008446, 18270023453344876414, 9599478140207844894, 10916663450492410472, 419794750094103161])) }, c2: QuadExtField { c0: Fp384(BigInteger384([5943459350697799819, 9511189672727888935, 3553230896804898448, 7293078012426687451, 3900763250358133631, 753039656054717192])), c1: Fp384(BigInteger384([11680187035293610876, 12932160662856057270, 3015511692095044133, 8473864564414289507, 17296788835442361574, 832832776584081067])) } } }, GroupAffine { x: Fp384(BigInteger384([6486724286259281973, 11234976595522403292, 12191867980640737221, 12911129009261377107, 224438808232945206, 137055557894998382])), y: Fp384(BigInteger384([13062159400703624718, 10708175279073279086, 3020551009461272827, 6161229686422998750, 8467632613254960678, 108992499526257182])), infinity: false })
2021-04-15 15:00:03,740 INFO  [consensus::reconstruction] Starting next epoch
2021-04-15 15:00:03,741 INFO  [consensus::new_epoch] Epoch 5 ended, waiting for another epoch
2021-04-15 15:00:03,759 INFO  [consensus::deliver_propose] Got a new proposal IN-directly
2021-04-15 15:00:03,760 INFO  [consensus::deliver_propose] Got a new proposal IN-directly
2021-04-15 15:00:03,760 INFO  [consensus::deliver_propose] Got a new proposal IN-directly
2021-04-15 15:00:03,766 INFO  [types::msg::proto] Got a propose message
2021-04-15 15:00:03,767 INFO  [consensus::deliver_propose] Got a new proposal IN-directly
2021-04-15 15:00:03,767 INFO  [consensus::deliver_propose] Got a new proposal directly
2021-04-15 15:00:03,767 INFO  [consensus::deliver_propose] Got a new proposal IN-directly
2021-04-15 15:00:03,768 INFO  [consensus::deliver_propose] Got a new proposal IN-directly
2021-04-15 15:00:03,812 INFO  [consensus::ack] Got an ack message
2021-04-15 15:00:03,813 INFO  [consensus::ack] Got an ack message
2021-04-15 15:00:03,813 INFO  [consensus::ack] Got an ack message
2021-04-15 15:00:03,816 INFO  [consensus::ack] Got an ack message
2021-04-15 15:00:03,817 INFO  [consensus::commit] Responsively committing a block
2021-04-15 15:00:03,821 INFO  [consensus::reconstruction] Trying reconstruction now
2021-04-15 15:00:03,823 INFO  [consensus::reconstruction] Got beacon Beacon(QuadExtField { c0: CubicExtField { c0: QuadExtField { c0: Fp384(BigInteger384([10959102661397111690, 3131880199170489671, 11577146458820549471, 9811280206309663004, 3986430547987176315, 1458891578877456659])), c1: Fp384(BigInteger384([6414921557300225180, 2452461694161127376, 8581148944850574103, 681385966924012538, 12312971903136664211, 1017439720323150673])) }, c1: QuadExtField { c0: Fp384(BigInteger384([14223755137415469463, 4925304845192851085, 7204654707651293457, 6683892541565866913, 308899747992879107, 1457484469824146197])), c1: Fp384(BigInteger384([9967960739456935298, 14916649074394727875, 1635503685863375002, 15372831252990861417, 3525490993737326958, 1007176660777108312])) }, c2: QuadExtField { c0: Fp384(BigInteger384([15641948440907154407, 3583946028634075924, 3476840182199383335, 10585762738710165311, 1083473622862259307, 652146801957251638])), c1: Fp384(BigInteger384([13840333050960037130, 16410547164631656946, 975886306477339553, 12394428938584088594, 17831518372548023922, 1302760773441007283])) } }, c1: CubicExtField { c0: QuadExtField { c0: Fp384(BigInteger384([4320269875632180884, 2763033241114552083, 8653258256793567429, 16118483174051136398, 2283958681100620405, 584500427295574813])), c1: Fp384(BigInteger384([13547191993360491299, 11853623329418200410, 11955982798082846199, 1691971928437618477, 9369281961774527541, 1005370922717597482])) }, c1: QuadExtField { c0: Fp384(BigInteger384([2508004296926753928, 10170022310282050422, 14919762350852775271, 7653795076220028661, 13006623502883727390, 1164603506438916327])), c1: Fp384(BigInteger384([2853848987498015246, 8919898452061781904, 4329185521562181097, 7642403675041982331, 9553043179844687666, 833973116128993711])) }, c2: QuadExtField { c0: Fp384(BigInteger384([2790507869507529042, 10233728114697690163, 10823307867540437179, 6681860373398306536, 15853554651056723845, 762096509049738004])), c1: Fp384(BigInteger384([2138913775016644197, 4213466906291319374, 18202234367491494515, 16244690799877124403, 8291023217377773690, 1837635750106892864])) } } }, GroupAffine { x: Fp384(BigInteger384([13800814035709510056, 13336554662751541485, 2263443414117223179, 8322156372799852101, 2755730775120141676, 1641634280250637590])), y: Fp384(BigInteger384([17975940504355398422, 12055369443745714863, 771636179571462636, 11117413907036949003, 13756623732264145928, 1653713024072300703])), infinity: false })
2021-04-15 15:00:03,823 INFO  [consensus::reconstruction] Starting next epoch
2021-04-15 15:00:03,824 INFO  [consensus::new_epoch] Epoch 6 ended, waiting for another epoch
2021-04-15 15:00:03,849 INFO  [types::msg::proto] Got a propose message
2021-04-15 15:00:03,850 INFO  [consensus::deliver_propose] Got a new proposal directly
2021-04-15 15:00:03,850 INFO  [consensus::deliver_propose] Got a new proposal IN-directly
2021-04-15 15:00:03,850 INFO  [consensus::deliver_propose] Got a new proposal IN-directly
2021-04-15 15:00:03,850 INFO  [consensus::deliver_propose] Got a new proposal IN-directly
2021-04-15 15:00:03,850 INFO  [consensus::deliver_propose] Got a new proposal IN-directly
2021-04-15 15:00:03,850 INFO  [consensus::deliver_propose] Got a new proposal IN-directly
2021-04-15 15:00:03,855 INFO  [consensus::deliver_propose] Got a new proposal IN-directly
2021-04-15 15:00:03,905 INFO  [consensus::ack] Got an ack message
2021-04-15 15:00:03,905 INFO  [consensus::ack] Got an ack message
2021-04-15 15:00:03,906 INFO  [consensus::ack] Got an ack message
2021-04-15 15:00:03,918 INFO  [consensus::ack] Got an ack message
2021-04-15 15:00:03,918 INFO  [consensus::commit] Responsively committing a block
2021-04-15 15:00:03,922 INFO  [consensus::reconstruction] Trying reconstruction now
2021-04-15 15:00:03,926 INFO  [consensus::reconstruction] Got beacon Beacon(QuadExtField { c0: CubicExtField { c0: QuadExtField { c0: Fp384(BigInteger384([7150696243855127959, 1665279598233748120, 1809632971808675796, 10009380259304517156, 4491733844791622131, 498050294944628297])), c1: Fp384(BigInteger384([11525709250681621894, 9820389071095526095, 11533283338154907155, 4888880261520254185, 17952476920790208956, 955636313972466261])) }, c1: QuadExtField { c0: Fp384(BigInteger384([12563875680567950608, 11757166614764528103, 17678944598863674998, 13522185560855155273, 557729747595420905, 417831572898780234])), c1: Fp384(BigInteger384([7018692242676078914, 15635259478454909277, 8813076914903804031, 10067546820813203943, 17281376496306421089, 811831906043502408])) }, c2: QuadExtField { c0: Fp384(BigInteger384([13733379291565885635, 3184530683130112764, 8062512610672458845, 7319852198334344184, 8623298692515737183, 941950672640284823])), c1: Fp384(BigInteger384([15510707671261088278, 2885407255037253179, 7779760430525973418, 15153304351436608309, 14763133438784202732, 1047873911109609588])) } }, c1: CubicExtField { c0: QuadExtField { c0: Fp384(BigInteger384([6461041120349577699, 10574232510114013292, 12047711441872061308, 161192221789855077, 4380856426338638526, 78676646752001650])), c1: Fp384(BigInteger384([3738243821142486964, 4651981555808247801, 7862414231740052467, 2245590395945546760, 14059150666882587157, 1503603166313432556])) }, c1: QuadExtField { c0: Fp384(BigInteger384([8870331981034234955, 7954670313555109399, 13067717504099157358, 5610294139888882549, 9880033334855098906, 927904986103767814])), c1: Fp384(BigInteger384([15457739184536340891, 921562646115937841, 4475714975117364069, 3738911063677114816, 14380431403546955301, 973148450583372663])) }, c2: QuadExtField { c0: Fp384(BigInteger384([325746226832639767, 16769725689375326202, 14898478754500389859, 5186831789792597007, 17373613221206427297, 759657915028205813])), c1: Fp384(BigInteger384([3446525417891223936, 3764241112795144182, 2495328506795283668, 8343299876212825796, 13760133550614501179, 313876390350698070])) } } }, GroupAffine { x: Fp384(BigInteger384([13877629527117463307, 17311766421101919798, 12469870524798390460, 16511944852131157939, 7370580105814900221, 1398435037974702681])), y: Fp384(BigInteger384([5909691303314877455, 5646209342607810344, 17585645665502191658, 5836691400067975110, 11428001263949034752, 1408812466233292137])), infinity: false })
2021-04-15 15:00:03,926 INFO  [consensus::reconstruction] Starting next epoch
2021-04-15 15:00:03,926 INFO  [consensus::new_epoch] Epoch 7 ended, waiting for another epoch
2021-04-15 15:00:03,949 INFO  [consensus::deliver_propose] Got a new proposal IN-directly
2021-04-15 15:00:03,949 INFO  [consensus::deliver_propose] Got a new proposal IN-directly
2021-04-15 15:00:03,950 INFO  [consensus::deliver_propose] Got a new proposal IN-directly
2021-04-15 15:00:03,955 INFO  [consensus::deliver_propose] Got a new proposal IN-directly
2021-04-15 15:00:03,957 INFO  [types::msg::proto] Got a propose message
2021-04-15 15:00:03,957 INFO  [consensus::deliver_propose] Got a new proposal directly
2021-04-15 15:00:03,958 INFO  [consensus::deliver_propose] Got a new proposal IN-directly
2021-04-15 15:00:03,958 INFO  [consensus::deliver_propose] Got a new proposal IN-directly
2021-04-15 15:00:04,020 INFO  [consensus::ack] Got an ack message
2021-04-15 15:00:04,020 INFO  [consensus::ack] Got an ack message
2021-04-15 15:00:04,020 INFO  [consensus::ack] Got an ack message
2021-04-15 15:00:04,020 INFO  [consensus::ack] Got an ack message
2021-04-15 15:00:04,020 INFO  [consensus::commit] Responsively committing a block
2021-04-15 15:00:04,025 INFO  [consensus::reconstruction] Trying reconstruction now
2021-04-15 15:00:04,028 INFO  [consensus::reconstruction] Got beacon Beacon(QuadExtField { c0: CubicExtField { c0: QuadExtField { c0: Fp384(BigInteger384([15020659992821877228, 14278473026352477645, 3717062620977381399, 979762400008204657, 909225124364969588, 109304232411661553])), c1: Fp384(BigInteger384([2559326708593775925, 11511618744862048722, 7634478177374928366, 7151864949309550347, 10884833089074101398, 1164067634209720438])) }, c1: QuadExtField { c0: Fp384(BigInteger384([15790376915839637350, 16643458191276030282, 16365234937525776114, 956783127328747748, 6372913557417642511, 1392693406139520932])), c1: Fp384(BigInteger384([1741417207674350795, 4830885799726266569, 1479997077450757647, 1033779279241598320, 7129672065221401828, 480862458046508711])) }, c2: QuadExtField { c0: Fp384(BigInteger384([15585028104325692875, 13643603774703236344, 15823436780727185174, 15148965119507408860, 13662755697248129673, 597226802458445215])), c1: Fp384(BigInteger384([618117867202775790, 10299661826629384935, 16852422008091493824, 15378564054785008050, 16330298761610171206, 1627382699796127142])) } }, c1: CubicExtField { c0: QuadExtField { c0: Fp384(BigInteger384([1749409771048912003, 5449847546387728583, 9390822921212990247, 5466885411920334355, 1853095735009867196, 1273232529388534977])), c1: Fp384(BigInteger384([1817225390248105313, 12190414353118423412, 17045020713420482328, 12229437877046378607, 8472021185861204020, 313116336639918911])) }, c1: QuadExtField { c0: Fp384(BigInteger384([4603941516037633768, 14901780157740418762, 17264601971504871230, 14779807821774245747, 5059287471518924312, 639773388299367291])), c1: Fp384(BigInteger384([11028878598968475179, 2827146722430624851, 11207042852151409118, 13402992438560110114, 9923860035146073439, 633643474209084531])) }, c2: QuadExtField { c0: Fp384(BigInteger384([11178035462530045204, 7596947486446314188, 9537598456986367215, 10918992812505065322, 8548353728238385306, 1448899379601005057])), c1: Fp384(BigInteger384([13187898942752652063, 4413548925224202107, 16481501369852292418, 11786928676435155978, 17596568012034408026, 797420183547399644])) } } }, GroupAffine { x: Fp384(BigInteger384([3102887638142903139, 15986893209812612849, 13442140513455061617, 5787299407095915992, 5935530263099541980, 1711966953575967495])), y: Fp384(BigInteger384([2292396566102340327, 15230627439795759048, 17512332952435350212, 11541334156570406377, 14513998740545771169, 1373938628834566798])), infinity: false })
2021-04-15 15:00:04,028 INFO  [consensus::reconstruction] Starting next epoch
2021-04-15 15:00:04,029 INFO  [consensus::new_epoch] Epoch 8 ended, waiting for another epoch
2021-04-15 15:00:04,036 INFO  [consensus::vote] Hash of the resp vote certificate set
2021-04-15 15:00:04,053 INFO  [types::msg::proto] Got vote message
2021-04-15 15:00:04,055 INFO  [types::msg::proto] Got vote message
2021-04-15 15:00:04,063 INFO  [consensus::deliver_propose] Got a new proposal IN-directly
2021-04-15 15:00:04,063 INFO  [consensus::deliver_propose] Got a new proposal IN-directly
2021-04-15 15:00:04,065 INFO  [types::msg::proto] Got vote message
2021-04-15 15:00:04,073 INFO  [consensus::deliver_propose] Got a new proposal IN-directly
2021-04-15 15:00:04,073 INFO  [consensus::deliver_propose] Got a new proposal IN-directly
2021-04-15 15:00:04,073 INFO  [consensus::deliver_propose] Got a new proposal IN-directly
2021-04-15 15:00:04,073 INFO  [consensus::deliver_propose] Got a new proposal IN-directly
2021-04-15 15:00:04,074 INFO  [consensus::ack] Got an ack message
2021-04-15 15:00:04,100 INFO  [consensus::ack] Got an ack message
2021-04-15 15:00:04,108 INFO  [consensus::ack] Got an ack message
2021-04-15 15:00:04,112 INFO  [consensus::ack] Got an ack message
2021-04-15 15:00:04,112 INFO  [consensus::commit] Responsively committing a block
2021-04-15 15:00:04,115 INFO  [consensus::reconstruction] Trying reconstruction now
2021-04-15 15:00:04,117 INFO  [consensus::reconstruction] Got beacon Beacon(QuadExtField { c0: CubicExtField { c0: QuadExtField { c0: Fp384(BigInteger384([12071677789172760961, 12035533848662351714, 16869447306530666222, 4729384139653872890, 9122305707549717768, 1520066491722110713])), c1: Fp384(BigInteger384([17103756143563398199, 15821323964527799508, 5162037731920668263, 16109508109523796893, 1521011732729615990, 353596711349586719])) }, c1: QuadExtField { c0: Fp384(BigInteger384([9136580946105887773, 3407563901896140673, 5169263897017039980, 5779558315171492589, 13936905415404861846, 1658550152881319335])), c1: Fp384(BigInteger384([11998224825382173277, 16877612561350886232, 441150784557878522, 8626235788439145849, 7079318484264150731, 1155376452251087787])) }, c2: QuadExtField { c0: Fp384(BigInteger384([413850573000338856, 11084153275701795303, 8526779508759663875, 15930900177343111475, 13161553108922148144, 397928675598511811])), c1: Fp384(BigInteger384([8474088528692511045, 7152836692049089564, 14246346412642462178, 9236645705534627150, 13633438692779716435, 934376651664423929])) } }, c1: CubicExtField { c0: QuadExtField { c0: Fp384(BigInteger384([1695961319779803531, 12715760127323766766, 7776370642721084267, 7481000756916636827, 13484074965680604035, 925649780858915840])), c1: Fp384(BigInteger384([10890620647835615840, 15070087872578354092, 13916001966417920560, 3477460564981496103, 4253161211792930071, 294248802672247877])) }, c1: QuadExtField { c0: Fp384(BigInteger384([4991857720834405976, 1823921548973764727, 1010138080004840221, 3768133417600543492, 10741210287769458389, 754846246408864606])), c1: Fp384(BigInteger384([7617098365409870829, 686537117852591870, 15554854180612556608, 11608354439554433066, 10897992829872587364, 1362164091829964988])) }, c2: QuadExtField { c0: Fp384(BigInteger384([10030780162159721866, 1706497157303005618, 10863355737260318329, 17445939004074103456, 5150669294739887995, 663841953283865964])), c1: Fp384(BigInteger384([4172856993012863144, 5668437572218662708, 10775996869588126861, 16704152790043856004, 2162257868954938709, 1072659039687826838])) } } }, GroupAffine { x: Fp384(BigInteger384([4512833906660781020, 6027820473845255659, 9245054891811514837, 4443898625265349392, 3334549596508731077, 189297442486279238])), y: Fp384(BigInteger384([10274032858263605805, 2368664832784699340, 15550762155142292596, 14161237978179891100, 1194232406787143256, 380568392399122775])), infinity: false })
2021-04-15 15:00:04,118 INFO  [consensus::reconstruction] Starting next epoch
2021-04-15 15:00:04,119 INFO  [consensus::new_epoch] Epoch 9 ended, waiting for another epoch
2021-04-15 15:00:04,135 INFO  [consensus::deliver_propose] Got a new proposal IN-directly
2021-04-15 15:00:04,135 INFO  [consensus::deliver_propose] Got a new proposal IN-directly
2021-04-15 15:00:04,136 INFO  [consensus::deliver_propose] Got a new proposal IN-directly
2021-04-15 15:00:04,140 INFO  [consensus::deliver_propose] Got a new proposal IN-directly
2021-04-15 15:00:04,147 INFO  [types::msg::proto] Got a propose message
2021-04-15 15:00:04,147 INFO  [consensus::deliver_propose] Got a new proposal directly
2021-04-15 15:00:04,148 INFO  [consensus::deliver_propose] Got a new proposal IN-directly
2021-04-15 15:00:04,148 INFO  [consensus::deliver_propose] Got a new proposal IN-directly
2021-04-15 15:00:04,201 INFO  [consensus::ack] Got an ack message
2021-04-15 15:00:04,201 INFO  [consensus::ack] Got an ack message
2021-04-15 15:00:04,201 INFO  [consensus::ack] Got an ack message
2021-04-15 15:00:04,201 INFO  [consensus::ack] Got an ack message
2021-04-15 15:00:04,201 INFO  [consensus::commit] Responsively committing a block
2021-04-15 15:00:04,205 INFO  [consensus::reconstruction] Trying reconstruction now
2021-04-15 15:00:04,208 INFO  [consensus::reconstruction] Got beacon Beacon(QuadExtField { c0: CubicExtField { c0: QuadExtField { c0: Fp384(BigInteger384([3045246453713198847, 3585457195157344901, 12746300206844304003, 15933303856161328914, 17987895095663906566, 48545569381268188])), c1: Fp384(BigInteger384([7351048323834865522, 6444394036117873564, 3338704039272649863, 6526599329667181473, 12140208272288663318, 1195629140537395623])) }, c1: QuadExtField { c0: Fp384(BigInteger384([763393424003317974, 3520151477920202730, 8330936682096535410, 9316858126814468651, 17054045313958647557, 4289886876071297])), c1: Fp384(BigInteger384([6992938921095250851, 9123475045776819631, 2740556647413037884, 14048037154254495285, 16123915158472432417, 511461139870925171])) }, c2: QuadExtField { c0: Fp384(BigInteger384([12106175838363738817, 8462041590421152971, 13507419430298401350, 15469420696681541942, 10574294670022350036, 1135379496276418848])), c1: Fp384(BigInteger384([2865391588055859744, 11084474385324756798, 4996462190505707381, 5693099848000698804, 8938282342076863738, 333832002386191592])) } }, c1: CubicExtField { c0: QuadExtField { c0: Fp384(BigInteger384([10770028204367718755, 6887796267168592682, 904371237818816822, 5309194692694694651, 4835973562787174631, 1583486304992171320])), c1: Fp384(BigInteger384([12800352019992943147, 6691549903842485389, 8737005739467596646, 8162118680317240720, 12011649746423899261, 673148032820240905])) }, c1: QuadExtField { c0: Fp384(BigInteger384([4264103431790360924, 14678829685868648739, 1834195888923579794, 9158635610594185774, 2028695409732551737, 992260551144635381])), c1: Fp384(BigInteger384([17268615303695788821, 6677754311089963869, 14469905200250614818, 12443550898885578675, 16114593800932951719, 310302205905557160])) }, c2: QuadExtField { c0: Fp384(BigInteger384([12998440468646129222, 1010049515400152539, 10776072043087078767, 17171866889091511083, 6012713828892843769, 900013185290477010])), c1: Fp384(BigInteger384([18007216480423504383, 18392016671381006392, 17424185154264735894, 14591778473985624513, 12882417520234087625, 1726004128156786291])) } } }, GroupAffine { x: Fp384(BigInteger384([9481092827060861253, 7600402240459432155, 6325984347518316491, 9527173224732093061, 13277704832188728401, 259337441623888027])), y: Fp384(BigInteger384([13732689852007730167, 3167452886182176228, 1874520650172002476, 11935057398709874014, 7453074901616080704, 1710021205583398107])), infinity: false })
2021-04-15 15:00:04,208 INFO  [consensus::reconstruction] Starting next epoch
2021-04-15 15:00:04,209 INFO  [consensus::new_epoch] Epoch 10 ended, waiting for another epoch
2021-04-15 15:00:04,234 INFO  [types::msg::proto] Got a propose message
2021-04-15 15:00:04,234 INFO  [consensus::deliver_propose] Got a new proposal directly
2021-04-15 15:00:04,234 INFO  [consensus::deliver_propose] Got a new proposal IN-directly
2021-04-15 15:00:04,234 INFO  [consensus::deliver_propose] Got a new proposal IN-directly
2021-04-15 15:00:04,234 INFO  [consensus::deliver_propose] Got a new proposal IN-directly
2021-04-15 15:00:04,234 INFO  [consensus::deliver_propose] Got a new proposal IN-directly
2021-04-15 15:00:04,240 INFO  [consensus::deliver_propose] Got a new proposal IN-directly
2021-04-15 15:00:04,243 INFO  [consensus::deliver_propose] Got a new proposal IN-directly
2021-04-15 15:00:04,286 INFO  [consensus::ack] Got an ack message
2021-04-15 15:00:04,286 INFO  [consensus::ack] Got an ack message
2021-04-15 15:00:04,287 INFO  [consensus::ack] Got an ack message
2021-04-15 15:00:04,287 INFO  [consensus::ack] Got an ack message
2021-04-15 15:00:04,287 INFO  [consensus::commit] Responsively committing a block
2021-04-15 15:00:04,291 INFO  [consensus::reconstruction] Trying reconstruction now
2021-04-15 15:00:04,293 INFO  [consensus::reconstruction] Got beacon Beacon(QuadExtField { c0: CubicExtField { c0: QuadExtField { c0: Fp384(BigInteger384([15110632506870877414, 13977326951262550941, 10544432049676432942, 12592358811974847528, 15156903839468398998, 839476011863170522])), c1: Fp384(BigInteger384([1557724599834867384, 78746517158735337, 10401585973652671634, 13779269570862289994, 17375931564829446068, 1746562041847082214])) }, c1: QuadExtField { c0: Fp384(BigInteger384([5892593135511386908, 16218258913090332464, 9649269889855855868, 2118290633724541124, 9505195159304127104, 1812521114985186740])), c1: Fp384(BigInteger384([2531255195514305704, 899233937780120028, 6221837647979560053, 13500031426870603646, 12498402710814590596, 1128548625079968364])) }, c2: QuadExtField { c0: Fp384(BigInteger384([14783531086596494509, 18175056947860508205, 10071903380782338417, 18104143358889804807, 6315247094865847467, 1297675171187549728])), c1: Fp384(BigInteger384([551265609209455005, 2559549569245530954, 8413707861318998952, 188415817139806229, 5736989201282514695, 5227528665645218])) } }, c1: CubicExtField { c0: QuadExtField { c0: Fp384(BigInteger384([14280133690353910847, 11773445599884141093, 7590943673360760571, 11833338656664475827, 1352283195591906304, 178479229387294690])), c1: Fp384(BigInteger384([17553070823345471101, 1298417812653331221, 1771489048397227741, 11456967075426023215, 7043976737772309557, 1470437151106658579])) }, c1: QuadExtField { c0: Fp384(BigInteger384([5233691000683806124, 4632112011787717371, 6796063769218398155, 18382169081265717866, 10110244569739289274, 1761634309566988974])), c1: Fp384(BigInteger384([40422948331019060, 12278620943108935575, 12542448182971540635, 15889526331211581887, 7114995212520751586, 289678524343244780])) }, c2: QuadExtField { c0: Fp384(BigInteger384([17618588803836205623, 1261114292319037080, 11045012204246863327, 1352068858460917449, 12830638230270830750, 1683782002635499590])), c1: Fp384(BigInteger384([17189918986434983582, 9033470443076849344, 2432933836184315343, 601590569873185882, 11664696255777540935, 1299860915448575891])) } } }, GroupAffine { x: Fp384(BigInteger384([17995992773196676008, 3779575605500927180, 3223834893440132009, 1740511555003374091, 9795296009441982461, 853779589902486269])), y: Fp384(BigInteger384([9707383735592440222, 5089110596071885475, 10147712464614079862, 1834079577949224758, 10567042965950093149, 1793159160078322161])), infinity: false })
2021-04-15 15:00:04,293 INFO  [consensus::reconstruction] Starting next epoch
2021-04-15 15:00:04,294 INFO  [consensus::new_epoch] Epoch 11 ended, waiting for another epoch
2021-04-15 15:00:04,302 WARN  [consensus::deliver_sync_cert] Stale sync certificate received
thread 'main' panicked at '[WARN] The signature of the shard does not match.', consensus/src/accumulator.rs:230:13
stack backtrace:
   0: std::panicking::begin_panic
   1: consensus::accumulator::ShareGatherer::add_share
   2: consensus::handler::<impl consensus::context::Context>::handle_message::{{closure}}
   3: node_optrand::main::{{closure}}
   4: std::thread::local::LocalKey<T>::with
   5: tokio::runtime::enter::Enter::block_on
   6: tokio::runtime::Runtime::block_on
   7: node_optrand::main
note: Some details are omitted, run with `RUST_BACKTRACE=full` for a verbose backtrace.
2021-04-15 15:00:04,318 ERROR [net::tokio_manager::protocol] Failed to read a protocol message to send outside the network
